<?xml version="1.0" encoding="UTF-8"?>
<!-- Generated by org.testng.reporters.JUnitReportReporter -->
<testsuite hostname="LTIN331728" failures="0" tests="2" name="Com.Amazon.TestCases.ValidateSearchFunctionality" time="32.279" errors="0" timestamp="2024-03-14T15:15:25 IST" skipped="0">
  <testcase classname="Com.Amazon.TestCases.ValidateSearchFunctionality" name="ValidateSearchBar2" time="18.172"/>
  <testcase classname="Com.Amazon.TestCases.ValidateSearchFunctionality" name="validateSearchBar1" time="14.107"/>
</testsuite> <!-- Com.Amazon.TestCases.ValidateSearchFunctionality -->
